Determining if the pthread_create exist failed with the following output:
Change Dir: /home/steffen/low_robot/draco/build/CMakeFiles/CMakeTmp

Run Build Command:"/usr/bin/make" "cmTC_e4016/fast"
/usr/bin/make -f CMakeFiles/cmTC_e4016.dir/build.make CMakeFiles/cmTC_e4016.dir/build
make[1]: Verzeichnis „/home/steffen/low_robot/draco/build/CMakeFiles/CMakeTmp“ wird betreten
Building C object CMakeFiles/cmTC_e4016.dir/CheckSymbolExists.c.o
/usr/bin/cc     -o CMakeFiles/cmTC_e4016.dir/CheckSymbolExists.c.o   -c /home/steffen/low_robot/draco/build/CMakeFiles/CMakeTmp/CheckSymbolExists.c
Linking C executable cmTC_e4016
/usr/bin/cmake -E cmake_link_script CMakeFiles/cmTC_e4016.dir/link.txt --verbose=1
/usr/bin/cc       CMakeFiles/cmTC_e4016.dir/CheckSymbolExists.c.o  -o cmTC_e4016 -rdynamic 
CMakeFiles/cmTC_e4016.dir/CheckSymbolExists.c.o: In Funktion `main':
CheckSymbolExists.c:(.text+0x16): Nicht definierter Verweis auf `pthread_create'
collect2: error: ld returned 1 exit status
CMakeFiles/cmTC_e4016.dir/build.make:97: die Regel für Ziel „cmTC_e4016“ scheiterte
make[1]: *** [cmTC_e4016] Fehler 1
make[1]: Verzeichnis „/home/steffen/low_robot/draco/build/CMakeFiles/CMakeTmp“ wird verlassen
Makefile:126: die Regel für Ziel „cmTC_e4016/fast“ scheiterte
make: *** [cmTC_e4016/fast] Fehler 2

File /home/steffen/low_robot/draco/build/CMakeFiles/CMakeTmp/CheckSymbolExists.c:
/* */
#include <pthread.h>

int main(int argc, char** argv)
{
  (void)argv;
#ifndef pthread_create
  return ((int*)(&pthread_create))[argc];
#else
  (void)argc;
  return 0;
#endif
}

Determining if the function pthread_create exists in the pthreads failed with the following output:
Change Dir: /home/steffen/low_robot/draco/build/CMakeFiles/CMakeTmp

Run Build Command:"/usr/bin/make" "cmTC_551f7/fast"
/usr/bin/make -f CMakeFiles/cmTC_551f7.dir/build.make CMakeFiles/cmTC_551f7.dir/build
make[1]: Verzeichnis „/home/steffen/low_robot/draco/build/CMakeFiles/CMakeTmp“ wird betreten
Building C object CMakeFiles/cmTC_551f7.dir/CheckFunctionExists.c.o
/usr/bin/cc    -DCHECK_FUNCTION_EXISTS=pthread_create   -o CMakeFiles/cmTC_551f7.dir/CheckFunctionExists.c.o   -c /usr/share/cmake-3.5/Modules/CheckFunctionExists.c
Linking C executable cmTC_551f7
/usr/bin/cmake -E cmake_link_script CMakeFiles/cmTC_551f7.dir/link.txt --verbose=1
/usr/bin/cc   -DCHECK_FUNCTION_EXISTS=pthread_create    CMakeFiles/cmTC_551f7.dir/CheckFunctionExists.c.o  -o cmTC_551f7 -rdynamic -lpthreads 
/usr/bin/ld: cannot find -lpthreads
collect2: error: ld returned 1 exit status
CMakeFiles/cmTC_551f7.dir/build.make:97: die Regel für Ziel „cmTC_551f7“ scheiterte
make[1]: *** [cmTC_551f7] Fehler 1
make[1]: Verzeichnis „/home/steffen/low_robot/draco/build/CMakeFiles/CMakeTmp“ wird verlassen
Makefile:126: die Regel für Ziel „cmTC_551f7/fast“ scheiterte
make: *** [cmTC_551f7/fast] Fehler 2


